<?xml version="1.0" encoding="UTF-8"?>
<testsuite xmlns:xsi="http://www.w3.org/2001/XMLSchema-instance" xsi:noNamespaceSchemaLocation="https://maven.apache.org/surefire/maven-surefire-plugin/xsd/surefire-test-report.xsd" name="tests.SearchTests" time="20.246" tests="6" errors="3" skipped="0" failures="0">
  <properties>
[...]
</properties>
  <testcase name="testAmountOfNotEmptySearch" classname="tests.SearchTests" time="4.688"/>
  <testcase name="testAmountOfEmptyResults" classname="tests.SearchTests" time="2.588"/>
  <testcase name="testFindListOfArticlesAndCancelSearch" classname="tests.SearchTests" time="3.96">
    <error message="element not interactable&#10;  (Session info: chrome=96.0.4664.93)&#10;Build info: version: &apos;4.0.0-alpha-1&apos;, revision: &apos;d1d3728cae&apos;, time: &apos;2019-04-24T13:42:21&apos;&#10;System info: host: &apos;Anastasiias-MacBook-Pro.local&apos;, ip: &apos;fe80:0:0:0:8df:1eed:adfa:2f9e%en0&apos;, os.name: &apos;Mac OS X&apos;, os.arch: &apos;x86_64&apos;, os.version: &apos;10.16&apos;, java.version: &apos;1.8.0_262-internal&apos;&#10;Driver info: org.openqa.selenium.chrome.ChromeDriver&#10;Capabilities {acceptInsecureCerts: false, browserName: chrome, browserVersion: 96.0.4664.93, chrome: {chromedriverVersion: 96.0.4664.45 (76e4c1bb2ab46..., userDataDir: /var/folders/l2/f47v3xsx1ps...}, goog:chromeOptions: {debuggerAddress: localhost:49451}, javascriptEnabled: true, networkConnectionEnabled: false, pageLoadStrategy: normal, platform: MAC, platformName: MAC, proxy: Proxy(), setWindowRect: true, strictFileInteractability: false, timeouts: {implicit: 0, pageLoad: 300000, script: 30000}, unhandledPromptBehavior: dismiss and notify, webauthn:extension:credBlob: true, webauthn:extension:largeBlob: true, webauthn:virtualAuthenticators: true}&#10;Session ID: 9cc011830b12deba85b9046b2b2e1084" type="org.openqa.selenium.ElementNotInteractableException">org.openqa.selenium.ElementNotInteractableException: 
element not interactable
  (Session info: chrome=96.0.4664.93)
Build info: version: '4.0.0-alpha-1', revision: 'd1d3728cae', time: '2019-04-24T13:42:21'
System info: host: 'Anastasiias-MacBook-Pro.local', ip: 'fe80:0:0:0:8df:1eed:adfa:2f9e%en0', os.name: 'Mac OS X', os.arch: 'x86_64', os.version: '10.16', java.version: '1.8.0_262-internal'
Driver info: org.openqa.selenium.chrome.ChromeDriver
Capabilities {acceptInsecureCerts: false, browserName: chrome, browserVersion: 96.0.4664.93, chrome: {chromedriverVersion: 96.0.4664.45 (76e4c1bb2ab46..., userDataDir: /var/folders/l2/f47v3xsx1ps...}, goog:chromeOptions: {debuggerAddress: localhost:49451}, javascriptEnabled: true, networkConnectionEnabled: false, pageLoadStrategy: normal, platform: MAC, platformName: MAC, proxy: Proxy(), setWindowRect: true, strictFileInteractability: false, timeouts: {implicit: 0, pageLoad: 300000, script: 30000}, unhandledPromptBehavior: dismiss and notify, webauthn:extension:credBlob: true, webauthn:extension:largeBlob: true, webauthn:virtualAuthenticators: true}
Session ID: 9cc011830b12deba85b9046b2b2e1084
	at tests.SearchTests.testFindListOfArticlesAndCancelSearch_aroundBody8(SearchTests.java:93)
	at tests.SearchTests.testFindListOfArticlesAndCancelSearch(SearchTests.java:85)
</error>
    <system-out><![CDATA[Method rotateScreenPortrait does nothing for platform: mobile_web
the screenshot was taken /Users/ana/JavaAppium/search_results_screenshot.png
]]></system-out>
    <system-err><![CDATA[Starting ChromeDriver 96.0.4664.45 (76e4c1bb2ab4671b8beba3444e61c0f17584b2fc-refs/branch-heads/4664@{#947}) on port 46595
Only local connections are allowed.
Please see https://chromedriver.chromium.org/security-considerations for suggestions on keeping ChromeDriver safe.
ChromeDriver was started successfully.
Dec 13, 2021 5:42:47 PM org.openqa.selenium.remote.ProtocolHandshake createSession
INFO: Detected dialect: W3C
]]></system-err>
  </testcase>
  <testcase name="testFindListOfThreeArticles" classname="tests.SearchTests" time="2.694">
    <error type="java.lang.NullPointerException">java.lang.NullPointerException
	at tests.SearchTests.testFindListOfThreeArticles_aroundBody10(SearchTests.java:113)
	at tests.SearchTests.testFindListOfThreeArticles(SearchTests.java:104)
</error>
    <system-out><![CDATA[Method rotateScreenPortrait does nothing for platform: mobile_web
]]></system-out>
    <system-err><![CDATA[Starting ChromeDriver 96.0.4664.45 (76e4c1bb2ab4671b8beba3444e61c0f17584b2fc-refs/branch-heads/4664@{#947}) on port 23050
Only local connections are allowed.
Please see https://chromedriver.chromium.org/security-considerations for suggestions on keeping ChromeDriver safe.
ChromeDriver was started successfully.
Dec 13, 2021 5:42:51 PM org.openqa.selenium.remote.ProtocolHandshake createSession
INFO: Detected dialect: W3C
]]></system-err>
  </testcase>
  <testcase name="testCancelSearch" classname="tests.SearchTests" time="2.522">
    <error message="element not interactable&#10;  (Session info: chrome=96.0.4664.93)&#10;Build info: version: &apos;4.0.0-alpha-1&apos;, revision: &apos;d1d3728cae&apos;, time: &apos;2019-04-24T13:42:21&apos;&#10;System info: host: &apos;Anastasiias-MacBook-Pro.local&apos;, ip: &apos;fe80:0:0:0:8df:1eed:adfa:2f9e%en0&apos;, os.name: &apos;Mac OS X&apos;, os.arch: &apos;x86_64&apos;, os.version: &apos;10.16&apos;, java.version: &apos;1.8.0_262-internal&apos;&#10;Driver info: org.openqa.selenium.chrome.ChromeDriver&#10;Capabilities {acceptInsecureCerts: false, browserName: chrome, browserVersion: 96.0.4664.93, chrome: {chromedriverVersion: 96.0.4664.45 (76e4c1bb2ab46..., userDataDir: /var/folders/l2/f47v3xsx1ps...}, goog:chromeOptions: {debuggerAddress: localhost:49524}, javascriptEnabled: true, networkConnectionEnabled: false, pageLoadStrategy: normal, platform: MAC, platformName: MAC, proxy: Proxy(), setWindowRect: true, strictFileInteractability: false, timeouts: {implicit: 0, pageLoad: 300000, script: 30000}, unhandledPromptBehavior: dismiss and notify, webauthn:extension:credBlob: true, webauthn:extension:largeBlob: true, webauthn:virtualAuthenticators: true}&#10;Session ID: 352f24f38946d15b41c1f736ac305af7" type="org.openqa.selenium.ElementNotInteractableException">org.openqa.selenium.ElementNotInteractableException: 
element not interactable
  (Session info: chrome=96.0.4664.93)
Build info: version: '4.0.0-alpha-1', revision: 'd1d3728cae', time: '2019-04-24T13:42:21'
System info: host: 'Anastasiias-MacBook-Pro.local', ip: 'fe80:0:0:0:8df:1eed:adfa:2f9e%en0', os.name: 'Mac OS X', os.arch: 'x86_64', os.version: '10.16', java.version: '1.8.0_262-internal'
Driver info: org.openqa.selenium.chrome.ChromeDriver
Capabilities {acceptInsecureCerts: false, browserName: chrome, browserVersion: 96.0.4664.93, chrome: {chromedriverVersion: 96.0.4664.45 (76e4c1bb2ab46..., userDataDir: /var/folders/l2/f47v3xsx1ps...}, goog:chromeOptions: {debuggerAddress: localhost:49524}, javascriptEnabled: true, networkConnectionEnabled: false, pageLoadStrategy: normal, platform: MAC, platformName: MAC, proxy: Proxy(), setWindowRect: true, strictFileInteractability: false, timeouts: {implicit: 0, pageLoad: 300000, script: 30000}, unhandledPromptBehavior: dismiss and notify, webauthn:extension:credBlob: true, webauthn:extension:largeBlob: true, webauthn:virtualAuthenticators: true}
Session ID: 352f24f38946d15b41c1f736ac305af7
	at tests.SearchTests.testCancelSearch_aroundBody2(SearchTests.java:39)
	at tests.SearchTests.testCancelSearch(SearchTests.java:36)
</error>
    <system-out><![CDATA[Method rotateScreenPortrait does nothing for platform: mobile_web
]]></system-out>
    <system-err><![CDATA[Starting ChromeDriver 96.0.4664.45 (76e4c1bb2ab4671b8beba3444e61c0f17584b2fc-refs/branch-heads/4664@{#947}) on port 4198
Only local connections are allowed.
Please see https://chromedriver.chromium.org/security-considerations for suggestions on keeping ChromeDriver safe.
ChromeDriver was started successfully.
Dec 13, 2021 5:42:53 PM org.openqa.selenium.remote.ProtocolHandshake createSession
INFO: Detected dialect: W3C
]]></system-err>
  </testcase>
  <testcase name="testSearch" classname="tests.SearchTests" time="3.647"/>
</testsuite>