<?xml version="1.0" encoding="UTF-8"?>
<testsuite xmlns:xsi="http://www.w3.org/2001/XMLSchema-instance" xsi:noNamespaceSchemaLocation="https://maven.apache.org/surefire/maven-surefire-plugin/xsd/surefire-test-report.xsd" name="tests.ArticleTests" time="13.241" tests="3" errors="0" skipped="0" failures="0">
  <properties>
[...]
</properties>
  <testcase name="testCompareArticleTitle" classname="tests.ArticleTests" time="4.524"/>
  <testcase name="testAssertArticleTitlePresent" classname="tests.ArticleTests" time="4.219"/>
  <testcase name="testSwipeArticle" classname="tests.ArticleTests" time="4.355"/>
</testsuite>